CRITICAL - 2022-05-24 20:12:56 --> Undefined array key "email"
#0 D:\xampp\htdocs\LuqueIgnacio\app\Controllers\AuthController.php(51): CodeIgniter\Debug\Exceptions->errorHandler(2, 'Undefined array...', 'D:\\xampp\\htdocs...', 51)
#1 D:\xampp\htdocs\LuqueIgnacio\system\CodeIgniter.php(832): App\Controllers\AuthController->login()
#2 D:\xampp\htdocs\LuqueIgnacio\system\CodeIgniter.php(419): CodeIgniter\CodeIgniter->runController(Object(App\Controllers\AuthController))
#3 D:\xampp\htdocs\LuqueIgnacio\system\CodeIgniter.php(326): CodeIgniter\CodeIgniter->handleRequest(NULL, Object(Config\Cache), false)
#4 D:\xampp\htdocs\LuqueIgnacio\index.php(37): CodeIgniter\CodeIgniter->run()
#5 {main}
CRITICAL - 2022-05-24 20:13:14 --> Undefined array key "email"
#0 D:\xampp\htdocs\LuqueIgnacio\app\Controllers\AuthController.php(51): CodeIgniter\Debug\Exceptions->errorHandler(2, 'Undefined array...', 'D:\\xampp\\htdocs...', 51)
#1 D:\xampp\htdocs\LuqueIgnacio\system\CodeIgniter.php(832): App\Controllers\AuthController->login()
#2 D:\xampp\htdocs\LuqueIgnacio\system\CodeIgniter.php(419): CodeIgniter\CodeIgniter->runController(Object(App\Controllers\AuthController))
#3 D:\xampp\htdocs\LuqueIgnacio\system\CodeIgniter.php(326): CodeIgniter\CodeIgniter->handleRequest(NULL, Object(Config\Cache), false)
#4 D:\xampp\htdocs\LuqueIgnacio\index.php(37): CodeIgniter\CodeIgniter->run()
#5 {main}
ERROR - 2022-05-24 20:16:12 --> You have an error in your SQL syntax; check the manual that corresponds to your MySQL server version for the right syntax to use near 'IS NULL
 LIMIT 1' at line 4
CRITICAL - 2022-05-24 20:16:12 --> Call to a member function getFirstRow() on bool
#0 D:\xampp\htdocs\LuqueIgnacio\system\BaseModel.php(622): CodeIgniter\Model->doFirst()
#1 D:\xampp\htdocs\LuqueIgnacio\app\Controllers\AuthController.php(51): CodeIgniter\BaseModel->first()
#2 D:\xampp\htdocs\LuqueIgnacio\system\CodeIgniter.php(832): App\Controllers\AuthController->login()
#3 D:\xampp\htdocs\LuqueIgnacio\system\CodeIgniter.php(419): CodeIgniter\CodeIgniter->runController(Object(App\Controllers\AuthController))
#4 D:\xampp\htdocs\LuqueIgnacio\system\CodeIgniter.php(326): CodeIgniter\CodeIgniter->handleRequest(NULL, Object(Config\Cache), false)
#5 D:\xampp\htdocs\LuqueIgnacio\index.php(37): CodeIgniter\CodeIgniter->run()
#6 {main}
