CRITICAL - 2022-05-21 23:35:30 -->  route cannot be found while reverse-routing.
#0 D:\xampp\htdocs\LuqueIgnacio\system\HTTP\RedirectResponse.php(56): CodeIgniter\HTTP\Exceptions\HTTPException::forInvalidRedirectRoute('')
#1 D:\xampp\htdocs\LuqueIgnacio\app\Config\Routes.php(62): CodeIgniter\HTTP\RedirectResponse->route(false)
#2 D:\xampp\htdocs\LuqueIgnacio\system\Router\RouteCollection.php(607): CodeIgniter\CodeIgniter->Config\{closure}(Object(CodeIgniter\Router\RouteCollection))
#3 D:\xampp\htdocs\LuqueIgnacio\app\Config\Routes.php(101): CodeIgniter\Router\RouteCollection->group('admin', Object(Closure))
#4 D:\xampp\htdocs\LuqueIgnacio\system\CodeIgniter.php(713): require('D:\\xampp\\htdocs...')
#5 D:\xampp\htdocs\LuqueIgnacio\system\CodeIgniter.php(368): CodeIgniter\CodeIgniter->tryToRouteIt(Object(CodeIgniter\Router\RouteCollection))
#6 D:\xampp\htdocs\LuqueIgnacio\system\CodeIgniter.php(326): CodeIgniter\CodeIgniter->handleRequest(NULL, Object(Config\Cache), false)
#7 D:\xampp\htdocs\LuqueIgnacio\index.php(37): CodeIgniter\CodeIgniter->run()
#8 {main}
CRITICAL - 2022-05-21 23:36:09 -->  route cannot be found while reverse-routing.
#0 D:\xampp\htdocs\LuqueIgnacio\system\HTTP\RedirectResponse.php(56): CodeIgniter\HTTP\Exceptions\HTTPException::forInvalidRedirectRoute('')
#1 D:\xampp\htdocs\LuqueIgnacio\app\Config\Routes.php(62): CodeIgniter\HTTP\RedirectResponse->route(false)
#2 D:\xampp\htdocs\LuqueIgnacio\system\Router\RouteCollection.php(607): CodeIgniter\CodeIgniter->Config\{closure}(Object(CodeIgniter\Router\RouteCollection))
#3 D:\xampp\htdocs\LuqueIgnacio\app\Config\Routes.php(101): CodeIgniter\Router\RouteCollection->group('admin', Object(Closure))
#4 D:\xampp\htdocs\LuqueIgnacio\system\CodeIgniter.php(713): require('D:\\xampp\\htdocs...')
#5 D:\xampp\htdocs\LuqueIgnacio\system\CodeIgniter.php(368): CodeIgniter\CodeIgniter->tryToRouteIt(Object(CodeIgniter\Router\RouteCollection))
#6 D:\xampp\htdocs\LuqueIgnacio\system\CodeIgniter.php(326): CodeIgniter\CodeIgniter->handleRequest(NULL, Object(Config\Cache), false)
#7 D:\xampp\htdocs\LuqueIgnacio\index.php(37): CodeIgniter\CodeIgniter->run()
#8 {main}
