CRITICAL - 2022-06-17 01:59:28 --> Invalid argument supplied for foreach()
#0 D:\xampp7\htdocs\LuqueIgnacio\app\Views\compras.php(20): CodeIgniter\Debug\Exceptions->errorHandler(2, 'Invalid argumen...', 'D:\\xampp7\\htdoc...', 20, Array)
#1 D:\xampp7\htdocs\LuqueIgnacio\system\View\View.php(210): include('D:\\xampp7\\htdoc...')
#2 D:\xampp7\htdocs\LuqueIgnacio\system\View\View.php(213): CodeIgniter\View\View->CodeIgniter\View\{closure}()
#3 D:\xampp7\htdocs\LuqueIgnacio\system\Common.php(1089): CodeIgniter\View\View->render('compras', Array, true)
#4 D:\xampp7\htdocs\LuqueIgnacio\app\Controllers\Home.php(160): view('compras')
#5 D:\xampp7\htdocs\LuqueIgnacio\system\CodeIgniter.php(832): App\Controllers\Home->verCompras()
#6 D:\xampp7\htdocs\LuqueIgnacio\system\CodeIgniter.php(419): CodeIgniter\CodeIgniter->runController(Object(App\Controllers\Home))
#7 D:\xampp7\htdocs\LuqueIgnacio\system\CodeIgniter.php(326): CodeIgniter\CodeIgniter->handleRequest(NULL, Object(Config\Cache), false)
#8 D:\xampp7\htdocs\LuqueIgnacio\index.php(37): CodeIgniter\CodeIgniter->run()
#9 {main}
CRITICAL - 2022-06-17 02:01:07 --> Invalid argument supplied for foreach()
#0 D:\xampp7\htdocs\LuqueIgnacio\app\Views\compras.php(20): CodeIgniter\Debug\Exceptions->errorHandler(2, 'Invalid argumen...', 'D:\\xampp7\\htdoc...', 20, Array)
#1 D:\xampp7\htdocs\LuqueIgnacio\system\View\View.php(210): include('D:\\xampp7\\htdoc...')
#2 D:\xampp7\htdocs\LuqueIgnacio\system\View\View.php(213): CodeIgniter\View\View->CodeIgniter\View\{closure}()
#3 D:\xampp7\htdocs\LuqueIgnacio\system\Common.php(1089): CodeIgniter\View\View->render('compras', Array, true)
#4 D:\xampp7\htdocs\LuqueIgnacio\app\Controllers\Home.php(164): view('compras')
#5 D:\xampp7\htdocs\LuqueIgnacio\system\CodeIgniter.php(832): App\Controllers\Home->verCompras()
#6 D:\xampp7\htdocs\LuqueIgnacio\system\CodeIgniter.php(419): CodeIgniter\CodeIgniter->runController(Object(App\Controllers\Home))
#7 D:\xampp7\htdocs\LuqueIgnacio\system\CodeIgniter.php(326): CodeIgniter\CodeIgniter->handleRequest(NULL, Object(Config\Cache), false)
#8 D:\xampp7\htdocs\LuqueIgnacio\index.php(37): CodeIgniter\CodeIgniter->run()
#9 {main}
CRITICAL - 2022-06-17 02:01:09 --> Invalid argument supplied for foreach()
#0 D:\xampp7\htdocs\LuqueIgnacio\app\Views\compras.php(20): CodeIgniter\Debug\Exceptions->errorHandler(2, 'Invalid argumen...', 'D:\\xampp7\\htdoc...', 20, Array)
#1 D:\xampp7\htdocs\LuqueIgnacio\system\View\View.php(210): include('D:\\xampp7\\htdoc...')
#2 D:\xampp7\htdocs\LuqueIgnacio\system\View\View.php(213): CodeIgniter\View\View->CodeIgniter\View\{closure}()
#3 D:\xampp7\htdocs\LuqueIgnacio\system\Common.php(1089): CodeIgniter\View\View->render('compras', Array, true)
#4 D:\xampp7\htdocs\LuqueIgnacio\app\Controllers\Home.php(164): view('compras')
#5 D:\xampp7\htdocs\LuqueIgnacio\system\CodeIgniter.php(832): App\Controllers\Home->verCompras()
#6 D:\xampp7\htdocs\LuqueIgnacio\system\CodeIgniter.php(419): CodeIgniter\CodeIgniter->runController(Object(App\Controllers\Home))
#7 D:\xampp7\htdocs\LuqueIgnacio\system\CodeIgniter.php(326): CodeIgniter\CodeIgniter->handleRequest(NULL, Object(Config\Cache), false)
#8 D:\xampp7\htdocs\LuqueIgnacio\index.php(37): CodeIgniter\CodeIgniter->run()
#9 {main}
CRITICAL - 2022-06-17 02:01:21 --> Invalid argument supplied for foreach()
#0 D:\xampp7\htdocs\LuqueIgnacio\app\Views\compras.php(20): CodeIgniter\Debug\Exceptions->errorHandler(2, 'Invalid argumen...', 'D:\\xampp7\\htdoc...', 20, Array)
#1 D:\xampp7\htdocs\LuqueIgnacio\system\View\View.php(210): include('D:\\xampp7\\htdoc...')
#2 D:\xampp7\htdocs\LuqueIgnacio\system\View\View.php(213): CodeIgniter\View\View->CodeIgniter\View\{closure}()
#3 D:\xampp7\htdocs\LuqueIgnacio\system\Common.php(1089): CodeIgniter\View\View->render('compras', Array, true)
#4 D:\xampp7\htdocs\LuqueIgnacio\app\Controllers\Home.php(164): view('compras')
#5 D:\xampp7\htdocs\LuqueIgnacio\system\CodeIgniter.php(832): App\Controllers\Home->verCompras()
#6 D:\xampp7\htdocs\LuqueIgnacio\system\CodeIgniter.php(419): CodeIgniter\CodeIgniter->runController(Object(App\Controllers\Home))
#7 D:\xampp7\htdocs\LuqueIgnacio\system\CodeIgniter.php(326): CodeIgniter\CodeIgniter->handleRequest(NULL, Object(Config\Cache), false)
#8 D:\xampp7\htdocs\LuqueIgnacio\index.php(37): CodeIgniter\CodeIgniter->run()
#9 {main}
CRITICAL - 2022-06-17 02:03:04 --> Invalid argument supplied for foreach()
#0 D:\xampp7\htdocs\LuqueIgnacio\app\Views\compras.php(20): CodeIgniter\Debug\Exceptions->errorHandler(2, 'Invalid argumen...', 'D:\\xampp7\\htdoc...', 20, Array)
#1 D:\xampp7\htdocs\LuqueIgnacio\system\View\View.php(210): include('D:\\xampp7\\htdoc...')
#2 D:\xampp7\htdocs\LuqueIgnacio\system\View\View.php(213): CodeIgniter\View\View->CodeIgniter\View\{closure}()
#3 D:\xampp7\htdocs\LuqueIgnacio\system\Common.php(1089): CodeIgniter\View\View->render('compras', Array, true)
#4 D:\xampp7\htdocs\LuqueIgnacio\app\Controllers\Home.php(168): view('compras')
#5 D:\xampp7\htdocs\LuqueIgnacio\system\CodeIgniter.php(832): App\Controllers\Home->verCompras()
#6 D:\xampp7\htdocs\LuqueIgnacio\system\CodeIgniter.php(419): CodeIgniter\CodeIgniter->runController(Object(App\Controllers\Home))
#7 D:\xampp7\htdocs\LuqueIgnacio\system\CodeIgniter.php(326): CodeIgniter\CodeIgniter->handleRequest(NULL, Object(Config\Cache), false)
#8 D:\xampp7\htdocs\LuqueIgnacio\index.php(37): CodeIgniter\CodeIgniter->run()
#9 {main}
CRITICAL - 2022-06-17 19:56:50 --> Call to undefined function form_input()
#0 D:\xampp7\htdocs\LuqueIgnacio\system\View\View.php(210): include()
#1 D:\xampp7\htdocs\LuqueIgnacio\system\View\View.php(213): CodeIgniter\View\View->CodeIgniter\View\{closure}()
#2 D:\xampp7\htdocs\LuqueIgnacio\system\Common.php(1089): CodeIgniter\View\View->render('admin/categoria...', Array, true)
#3 D:\xampp7\htdocs\LuqueIgnacio\app\Controllers\AdminController.php(231): view('admin/categoria...', Array)
#4 D:\xampp7\htdocs\LuqueIgnacio\system\CodeIgniter.php(832): App\Controllers\AdminController->categoriasCrear()
#5 D:\xampp7\htdocs\LuqueIgnacio\system\CodeIgniter.php(419): CodeIgniter\CodeIgniter->runController(Object(App\Controllers\AdminController))
#6 D:\xampp7\htdocs\LuqueIgnacio\system\CodeIgniter.php(326): CodeIgniter\CodeIgniter->handleRequest(NULL, Object(Config\Cache), false)
#7 D:\xampp7\htdocs\LuqueIgnacio\index.php(37): CodeIgniter\CodeIgniter->run()
#8 {main}
ERROR - 2022-06-17 22:15:51 --> Cannot delete or update a parent row: a foreign key constraint fails (`luqueignacio`.`cambios`, CONSTRAINT `Cambios-Usuarios` FOREIGN KEY (`Cambio_UserId`) REFERENCES `usuarios` (`User_Id`))
ERROR - 2022-06-17 22:16:23 --> Cannot delete or update a parent row: a foreign key constraint fails (`luqueignacio`.`cambios`, CONSTRAINT `Cambios-Usuarios` FOREIGN KEY (`Cambio_UserId`) REFERENCES `usuarios` (`User_Id`))
ERROR - 2022-06-17 22:16:24 --> Cannot delete or update a parent row: a foreign key constraint fails (`luqueignacio`.`cambios`, CONSTRAINT `Cambios-Usuarios` FOREIGN KEY (`Cambio_UserId`) REFERENCES `usuarios` (`User_Id`))
ERROR - 2022-06-17 22:16:25 --> Cannot delete or update a parent row: a foreign key constraint fails (`luqueignacio`.`cambios`, CONSTRAINT `Cambios-Usuarios` FOREIGN KEY (`Cambio_UserId`) REFERENCES `usuarios` (`User_Id`))
ERROR - 2022-06-17 22:17:33 --> Cannot delete or update a parent row: a foreign key constraint fails (`luqueignacio`.`cambios`, CONSTRAINT `Cambios-Usuarios` FOREIGN KEY (`Cambio_UserId`) REFERENCES `usuarios` (`User_Id`))
ERROR - 2022-06-17 22:17:40 --> Cannot delete or update a parent row: a foreign key constraint fails (`luqueignacio`.`cambios`, CONSTRAINT `Cambios-Usuarios` FOREIGN KEY (`Cambio_UserId`) REFERENCES `usuarios` (`User_Id`))
ERROR - 2022-06-17 22:18:04 --> Cannot delete or update a parent row: a foreign key constraint fails (`luqueignacio`.`cambios`, CONSTRAINT `Cambios-Usuarios` FOREIGN KEY (`Cambio_UserId`) REFERENCES `usuarios` (`User_Id`))
ERROR - 2022-06-17 22:18:21 --> Cannot delete or update a parent row: a foreign key constraint fails (`luqueignacio`.`cambios`, CONSTRAINT `Cambios-Usuarios` FOREIGN KEY (`Cambio_UserId`) REFERENCES `usuarios` (`User_Id`))
ERROR - 2022-06-17 22:18:50 --> Cannot delete or update a parent row: a foreign key constraint fails (`luqueignacio`.`cambios`, CONSTRAINT `Cambios-Usuarios` FOREIGN KEY (`Cambio_UserId`) REFERENCES `usuarios` (`User_Id`))
